<?xml version="1.0" encoding="UTF-8"?>
<testng-results ignored="0" total="1" passed="1" failed="0" skipped="0">
  <reporter-output>
  </reporter-output>
  <suite started-at="2025-12-13T20:42:46 IST" name="Default suite" finished-at="2025-12-13T20:42:55 IST" duration-ms="8972">
    <groups>
    </groups>
    <test started-at="2025-12-13T20:42:46 IST" name="Default test" finished-at="2025-12-13T20:42:55 IST" duration-ms="8972">
      <class name="testcase.OpenUrlForTesting">
        <test-method is-config="true" signature="OpenBrowser()[pri:0, instance:testcase.OpenUrlForTesting@1189dd52]" started-at="2025-12-13T20:42:46 IST" name="OpenBrowser" finished-at="2025-12-13T20:42:53 IST" duration-ms="7024" status="PASS">
          <reporter-output>
          </reporter-output>
        </test-method> <!-- OpenBrowser -->
        <test-method is-config="true" signature="ObjectCreation()[pri:0, instance:testcase.OpenUrlForTesting@1189dd52]" started-at="2025-12-13T20:42:53 IST" name="ObjectCreation" finished-at="2025-12-13T20:42:53 IST" duration-ms="143" status="PASS">
          <reporter-output>
          </reporter-output>
        </test-method> <!-- ObjectCreation -->
        <test-method signature="TC01_TripSelect()[pri:0, instance:testcase.OpenUrlForTesting@1189dd52]" started-at="2025-12-13T20:42:53 IST" name="TC01_TripSelect" finished-at="2025-12-13T20:42:55 IST" duration-ms="1698" status="PASS">
          <reporter-output>
          </reporter-output>
        </test-method> <!-- TC01_TripSelect -->
      </class> <!-- testcase.OpenUrlForTesting -->
    </test> <!-- Default test -->
  </suite> <!-- Default suite -->
</testng-results>
